2026-05-08 08:55:31,133 INFO o.a.j.u.JMeterUtils: Setting Locale to en_EN
2026-05-08 08:55:31,160 INFO o.a.j.JMeter: Loading user properties from: C:\Training\PlaywrightTrainings\Feb_2026\playwright-bdd-framework\step-definitions\load\jmeter\bin\user.properties
2026-05-08 08:55:31,161 INFO o.a.j.JMeter: Loading system properties from: C:\Training\PlaywrightTrainings\Feb_2026\playwright-bdd-framework\step-definitions\load\jmeter\bin\system.properties
2026-05-08 08:55:31,173 INFO o.a.j.JMeter: Copyright (c) 1998-2024 The Apache Software Foundation
2026-05-08 08:55:31,173 INFO o.a.j.JMeter: Version 5.6.3
2026-05-08 08:55:31,173 INFO o.a.j.JMeter: java.version=25.0.1
2026-05-08 08:55:31,173 INFO o.a.j.JMeter: java.vm.name=Java HotSpot(TM) 64-Bit Server VM
2026-05-08 08:55:31,173 INFO o.a.j.JMeter: os.name=Windows 11
2026-05-08 08:55:31,173 INFO o.a.j.JMeter: os.arch=amd64
2026-05-08 08:55:31,173 INFO o.a.j.JMeter: os.version=10.0
2026-05-08 08:55:31,174 INFO o.a.j.JMeter: file.encoding=UTF-8
2026-05-08 08:55:31,174 INFO o.a.j.JMeter: java.awt.headless=true
2026-05-08 08:55:31,174 INFO o.a.j.JMeter: Max memory     =1073741824
2026-05-08 08:55:31,174 INFO o.a.j.JMeter: Available Processors =8
2026-05-08 08:55:31,204 INFO o.a.j.JMeter: Default Locale=English (EN)
2026-05-08 08:55:31,204 INFO o.a.j.JMeter: JMeter  Locale=English (EN)
2026-05-08 08:55:31,204 INFO o.a.j.JMeter: JMeterHome=C:\Training\PlaywrightTrainings\Feb_2026\playwright-bdd-framework\step-definitions\load\jmeter
2026-05-08 08:55:31,205 INFO o.a.j.JMeter: user.dir  =C:\Training\PlaywrightTrainings\Feb_2026\playwright-bdd-framework
2026-05-08 08:55:31,205 INFO o.a.j.JMeter: PWD       =C:\Training\PlaywrightTrainings\Feb_2026\playwright-bdd-framework
2026-05-08 08:55:31,207 INFO o.a.j.JMeter: IP: 192.168.0.100 Name: BharathReddy FullName: BharathReddy
2026-05-08 08:55:31,225 ERROR o.a.j.JMeter: An error occurred: 
java.lang.IllegalArgumentException: Cannot write to 'C:\Training\PlaywrightTrainings\Feb_2026\playwright-bdd-framework\step-definitions\load\jmeter\report-output' as folder is not empty
	at org.apache.jorphan.util.JOrphanUtils.canSafelyWriteToFolder(JOrphanUtils.java:664) ~[jorphan.jar:5.6.3]
	at org.apache.jorphan.util.JOrphanUtils.canSafelyWriteToFolder(JOrphanUtils.java:620) ~[jorphan.jar:5.6.3]
	at org.apache.jmeter.JMeter.extractAndSetReportOutputFolder(JMeter.java:542) ~[ApacheJMeter_core.jar:5.6.3]
	at org.apache.jmeter.JMeter.start(JMeter.java:483) [ApacheJMeter_core.jar:5.6.3]
	at java.base/jdk.internal.reflect.DirectMethodHandleAccessor.invoke(DirectMethodHandleAccessor.java:104) ~[?:?]
	at java.base/java.lang.reflect.Method.invoke(Method.java:565) ~[?:?]
	at org.apache.jmeter.NewDriver.main(NewDriver.java:259) [ApacheJMeter.jar:5.6.3]
